18:44:27 **** Incremental Build of configuration Debug for project Mini_Project_2 ****
make all 
Building file: ../source.c
Invoking: AVR Compiler
avr-gcc -Wall -g2 -gstabs -O0 -fpack-struct -fshort-enums -ffunction-sections -fdata-sections -std=gnu99 -funsigned-char -funsigned-bitfields -mmcu=atmega16 -DF_CPU=1000000UL -MMD -MP -MF"source.d" -MT"source.o" -c -o "source.o" "../source.c"
In file included from ../source.c:9:
c:/winavr-20100110/lib/gcc/../../avr/include/util/delay.h:90:3: warning: #warning "Compiler optimizations disabled; functions from <util/delay.h> won't work as designed"
Finished building: ../source.c
 
Building target: Mini_Project_2.elf
Invoking: AVR C Linker
avr-gcc -Wl,-Map,Mini_Project_2.map -mmcu=atmega16 -o "Mini_Project_2.elf"  ./source.o   
Finished building target: Mini_Project_2.elf
 
Invoking: AVR Create Extended Listing
avr-objdump -h -S Mini_Project_2.elf  >"Mini_Project_2.lss"
Finished building: Mini_Project_2.lss
 
Invoking: Print Size
avr-size --format=avr --mcu=atmega16 Mini_Project_2.elf
AVR Memory Usage
----------------
Device: atmega16

Program:    5496 bytes (33.5% Full)
(.text + .data + .bootloader)

Data:         15 bytes (1.5% Full)
(.data + .bss + .noinit)


Finished building: sizedummy
 

18:44:29 Build Finished. 0 errors, 1 warnings. (took 2s.163ms)

